{"C:\\Users\\marca\\Desktop\\docker\\getting-started-app\\src\\persistence\\sqlite.js": {"path":"C:\\Users\\marca\\Desktop\\docker\\getting-started-app\\src\\persistence\\sqlite.js","all":false,"statementMap":{"0":{"start":{"line":1,"column":0},"end":{"line":1,"column":45}},"1":{"start":{"line":2,"column":0},"end":{"line":2,"column":25}},"2":{"start":{"line":3,"column":0},"end":{"line":3,"column":69}},"3":{"start":{"line":4,"column":0},"end":{"line":4,"column":0}},"4":{"start":{"line":5,"column":0},"end":{"line":5,"column":21}},"5":{"start":{"line":6,"column":0},"end":{"line":6,"column":0}},"6":{"start":{"line":7,"column":0},"end":{"line":7,"column":17}},"7":{"start":{"line":8,"column":0},"end":{"line":8,"column":54}},"8":{"start":{"line":9,"column":0},"end":{"line":9,"column":34}},"9":{"start":{"line":10,"column":0},"end":{"line":10,"column":51}},"10":{"start":{"line":11,"column":0},"end":{"line":11,"column":5}},"11":{"start":{"line":12,"column":0},"end":{"line":12,"column":0}},"12":{"start":{"line":13,"column":0},"end":{"line":13,"column":38}},"13":{"start":{"line":14,"column":0},"end":{"line":14,"column":52}},"14":{"start":{"line":15,"column":0},"end":{"line":15,"column":37}},"15":{"start":{"line":16,"column":0},"end":{"line":16,"column":0}},"16":{"start":{"line":17,"column":0},"end":{"line":17,"column":48}},"17":{"start":{"line":18,"column":0},"end":{"line":18,"column":68}},"18":{"start":{"line":19,"column":0},"end":{"line":19,"column":0}},"19":{"start":{"line":20,"column":0},"end":{"line":20,"column":19}},"20":{"start":{"line":21,"column":0},"end":{"line":21,"column":111}},"21":{"start":{"line":22,"column":0},"end":{"line":22,"column":34}},"22":{"start":{"line":23,"column":0},"end":{"line":23,"column":45}},"23":{"start":{"line":24,"column":0},"end":{"line":24,"column":26}},"24":{"start":{"line":25,"column":0},"end":{"line":25,"column":18}},"25":{"start":{"line":26,"column":0},"end":{"line":26,"column":14}},"26":{"start":{"line":27,"column":0},"end":{"line":27,"column":11}},"27":{"start":{"line":28,"column":0},"end":{"line":28,"column":7}},"28":{"start":{"line":29,"column":0},"end":{"line":29,"column":1}},"29":{"start":{"line":30,"column":0},"end":{"line":30,"column":0}},"30":{"start":{"line":31,"column":0},"end":{"line":31,"column":27}},"31":{"start":{"line":32,"column":0},"end":{"line":32,"column":38}},"32":{"start":{"line":33,"column":0},"end":{"line":33,"column":25}},"33":{"start":{"line":34,"column":0},"end":{"line":34,"column":30}},"34":{"start":{"line":35,"column":0},"end":{"line":35,"column":23}},"35":{"start":{"line":36,"column":0},"end":{"line":36,"column":11}},"36":{"start":{"line":37,"column":0},"end":{"line":37,"column":7}},"37":{"start":{"line":38,"column":0},"end":{"line":38,"column":1}},"38":{"start":{"line":39,"column":0},"end":{"line":39,"column":0}},"39":{"start":{"line":40,"column":0},"end":{"line":40,"column":27}},"40":{"start":{"line":41,"column":0},"end":{"line":41,"column":38}},"41":{"start":{"line":42,"column":0},"end":{"line":42,"column":59}},"42":{"start":{"line":43,"column":0},"end":{"line":43,"column":37}},"43":{"start":{"line":44,"column":0},"end":{"line":44,"column":16}},"44":{"start":{"line":45,"column":0},"end":{"line":45,"column":32}},"45":{"start":{"line":46,"column":0},"end":{"line":46,"column":45}},"46":{"start":{"line":47,"column":0},"end":{"line":47,"column":56}},"47":{"start":{"line":48,"column":0},"end":{"line":48,"column":23}},"48":{"start":{"line":49,"column":0},"end":{"line":49,"column":18}},"49":{"start":{"line":50,"column":0},"end":{"line":50,"column":14}},"50":{"start":{"line":51,"column":0},"end":{"line":51,"column":11}},"51":{"start":{"line":52,"column":0},"end":{"line":52,"column":7}},"52":{"start":{"line":53,"column":0},"end":{"line":53,"column":1}},"53":{"start":{"line":54,"column":0},"end":{"line":54,"column":0}},"54":{"start":{"line":55,"column":0},"end":{"line":55,"column":28}},"55":{"start":{"line":56,"column":0},"end":{"line":56,"column":38}},"56":{"start":{"line":57,"column":0},"end":{"line":57,"column":76}},"57":{"start":{"line":58,"column":0},"end":{"line":58,"column":37}},"58":{"start":{"line":59,"column":0},"end":{"line":59,"column":16}},"59":{"start":{"line":60,"column":0},"end":{"line":60,"column":32}},"60":{"start":{"line":61,"column":0},"end":{"line":61,"column":45}},"61":{"start":{"line":62,"column":0},"end":{"line":62,"column":56}},"62":{"start":{"line":63,"column":0},"end":{"line":63,"column":23}},"63":{"start":{"line":64,"column":0},"end":{"line":64,"column":21}},"64":{"start":{"line":65,"column":0},"end":{"line":65,"column":14}},"65":{"start":{"line":66,"column":0},"end":{"line":66,"column":11}},"66":{"start":{"line":67,"column":0},"end":{"line":67,"column":7}},"67":{"start":{"line":68,"column":0},"end":{"line":68,"column":1}},"68":{"start":{"line":69,"column":0},"end":{"line":69,"column":0}},"69":{"start":{"line":70,"column":0},"end":{"line":70,"column":32}},"70":{"start":{"line":71,"column":0},"end":{"line":71,"column":38}},"71":{"start":{"line":72,"column":0},"end":{"line":72,"column":15}},"72":{"start":{"line":73,"column":0},"end":{"line":73,"column":76}},"73":{"start":{"line":74,"column":0},"end":{"line":74,"column":57}},"74":{"start":{"line":75,"column":0},"end":{"line":75,"column":20}},"75":{"start":{"line":76,"column":0},"end":{"line":76,"column":41}},"76":{"start":{"line":77,"column":0},"end":{"line":77,"column":22}},"77":{"start":{"line":78,"column":0},"end":{"line":78,"column":14}},"78":{"start":{"line":79,"column":0},"end":{"line":79,"column":10}},"79":{"start":{"line":80,"column":0},"end":{"line":80,"column":7}},"80":{"start":{"line":81,"column":0},"end":{"line":81,"column":1}},"81":{"start":{"line":82,"column":0},"end":{"line":82,"column":0}},"82":{"start":{"line":83,"column":0},"end":{"line":83,"column":37}},"83":{"start":{"line":84,"column":0},"end":{"line":84,"column":38}},"84":{"start":{"line":85,"column":0},"end":{"line":85,"column":15}},"85":{"start":{"line":86,"column":0},"end":{"line":86,"column":69}},"86":{"start":{"line":87,"column":0},"end":{"line":87,"column":52}},"87":{"start":{"line":88,"column":0},"end":{"line":88,"column":20}},"88":{"start":{"line":89,"column":0},"end":{"line":89,"column":41}},"89":{"start":{"line":90,"column":0},"end":{"line":90,"column":22}},"90":{"start":{"line":91,"column":0},"end":{"line":91,"column":14}},"91":{"start":{"line":92,"column":0},"end":{"line":92,"column":10}},"92":{"start":{"line":93,"column":0},"end":{"line":93,"column":7}},"93":{"start":{"line":94,"column":0},"end":{"line":94,"column":2}},"94":{"start":{"line":95,"column":0},"end":{"line":95,"column":0}},"95":{"start":{"line":96,"column":0},"end":{"line":96,"column":31}},"96":{"start":{"line":97,"column":0},"end":{"line":97,"column":38}},"97":{"start":{"line":98,"column":0},"end":{"line":98,"column":68}},"98":{"start":{"line":99,"column":0},"end":{"line":99,"column":37}},"99":{"start":{"line":100,"column":0},"end":{"line":100,"column":18}},"100":{"start":{"line":101,"column":0},"end":{"line":101,"column":11}},"101":{"start":{"line":102,"column":0},"end":{"line":102,"column":7}},"102":{"start":{"line":103,"column":0},"end":{"line":103,"column":1}},"103":{"start":{"line":104,"column":0},"end":{"line":104,"column":0}},"104":{"start":{"line":105,"column":0},"end":{"line":105,"column":18}},"105":{"start":{"line":106,"column":0},"end":{"line":106,"column":9}},"106":{"start":{"line":107,"column":0},"end":{"line":107,"column":13}},"107":{"start":{"line":108,"column":0},"end":{"line":108,"column":13}},"108":{"start":{"line":109,"column":0},"end":{"line":109,"column":12}},"109":{"start":{"line":110,"column":0},"end":{"line":110,"column":14}},"110":{"start":{"line":111,"column":0},"end":{"line":111,"column":15}},"111":{"start":{"line":112,"column":0},"end":{"line":112,"column":15}},"112":{"start":{"line":113,"column":0},"end":{"line":113,"column":2}}},"s":{"0":1,"1":1,"2":1,"3":1,"4":1,"5":1,"6":5,"7":5,"8":5,"9":1,"10":1,"11":5,"12":5,"13":5,"14":5,"15":5,"16":5,"17":5,"18":5,"19":5,"20":5,"21":5,"22":5,"23":5,"24":5,"25":5,"26":5,"27":5,"28":5,"29":1,"30":5,"31":5,"32":5,"33":4,"34":4,"35":5,"36":5,"37":5,"38":1,"39":3,"40":3,"41":3,"42":3,"43":3,"44":3,"45":2,"46":2,"47":2,"48":3,"49":3,"50":3,"51":3,"52":3,"53":1,"54":1,"55":1,"56":1,"57":1,"58":1,"59":1,"60":1,"61":1,"62":1,"63":1,"64":1,"65":1,"66":1,"67":1,"68":1,"69":3,"70":3,"71":3,"72":3,"73":3,"74":3,"75":3,"76":3,"77":3,"78":3,"79":3,"80":3,"81":1,"82":0,"83":0,"84":0,"85":0,"86":0,"87":0,"88":0,"89":0,"90":0,"91":0,"92":0,"93":0,"94":1,"95":1,"96":1,"97":1,"98":1,"99":1,"100":1,"101":1,"102":1,"103":1,"104":1,"105":1,"106":1,"107":1,"108":1,"109":1,"110":1,"111":1,"112":1},"branchMap":{"0":{"type":"branch","line":7,"loc":{"start":{"line":7,"column":0},"end":{"line":29,"column":1}},"locations":[{"start":{"line":7,"column":0},"end":{"line":29,"column":1}}]},"1":{"type":"branch","line":9,"loc":{"start":{"line":9,"column":33},"end":{"line":11,"column":5}},"locations":[{"start":{"line":9,"column":33},"end":{"line":11,"column":5}}]},"2":{"type":"branch","line":13,"loc":{"start":{"line":13,"column":23},"end":{"line":28,"column":5}},"locations":[{"start":{"line":13,"column":23},"end":{"line":28,"column":5}}]},"3":{"type":"branch","line":14,"loc":{"start":{"line":14,"column":44},"end":{"line":27,"column":9}},"locations":[{"start":{"line":14,"column":44},"end":{"line":27,"column":9}}]},"4":{"type":"branch","line":15,"loc":{"start":{"line":15,"column":21},"end":{"line":15,"column":37}},"locations":[{"start":{"line":15,"column":21},"end":{"line":15,"column":37}}]},"5":{"type":"branch","line":18,"loc":{"start":{"line":18,"column":16},"end":{"line":18,"column":68}},"locations":[{"start":{"line":18,"column":16},"end":{"line":18,"column":68}}]},"6":{"type":"branch","line":22,"loc":{"start":{"line":22,"column":16},"end":{"line":25,"column":18}},"locations":[{"start":{"line":22,"column":16},"end":{"line":25,"column":18}}]},"7":{"type":"branch","line":23,"loc":{"start":{"line":23,"column":29},"end":{"line":23,"column":45}},"locations":[{"start":{"line":23,"column":29},"end":{"line":23,"column":45}}]},"8":{"type":"branch","line":31,"loc":{"start":{"line":31,"column":0},"end":{"line":38,"column":1}},"locations":[{"start":{"line":31,"column":0},"end":{"line":38,"column":1}}]},"9":{"type":"branch","line":32,"loc":{"start":{"line":32,"column":23},"end":{"line":37,"column":5}},"locations":[{"start":{"line":32,"column":23},"end":{"line":37,"column":5}}]},"10":{"type":"branch","line":33,"loc":{"start":{"line":33,"column":17},"end":{"line":36,"column":9}},"locations":[{"start":{"line":33,"column":17},"end":{"line":36,"column":9}}]},"11":{"type":"branch","line":34,"loc":{"start":{"line":34,"column":21},"end":{"line":34,"column":30}},"locations":[{"start":{"line":34,"column":21},"end":{"line":34,"column":30}}]},"12":{"type":"branch","line":40,"loc":{"start":{"line":40,"column":0},"end":{"line":53,"column":1}},"locations":[{"start":{"line":40,"column":0},"end":{"line":53,"column":1}}]},"13":{"type":"branch","line":41,"loc":{"start":{"line":41,"column":23},"end":{"line":52,"column":5}},"locations":[{"start":{"line":41,"column":23},"end":{"line":52,"column":5}}]},"14":{"type":"branch","line":42,"loc":{"start":{"line":42,"column":43},"end":{"line":51,"column":9}},"locations":[{"start":{"line":42,"column":43},"end":{"line":51,"column":9}}]},"15":{"type":"branch","line":43,"loc":{"start":{"line":43,"column":21},"end":{"line":43,"column":37}},"locations":[{"start":{"line":43,"column":21},"end":{"line":43,"column":37}}]},"16":{"type":"branch","line":45,"loc":{"start":{"line":45,"column":25},"end":{"line":48,"column":23}},"locations":[{"start":{"line":45,"column":25},"end":{"line":48,"column":23}}]},"17":{"type":"branch","line":55,"loc":{"start":{"line":55,"column":0},"end":{"line":68,"column":1}},"locations":[{"start":{"line":55,"column":0},"end":{"line":68,"column":1}}]},"18":{"type":"branch","line":56,"loc":{"start":{"line":56,"column":23},"end":{"line":67,"column":5}},"locations":[{"start":{"line":56,"column":23},"end":{"line":67,"column":5}}]},"19":{"type":"branch","line":57,"loc":{"start":{"line":57,"column":60},"end":{"line":66,"column":9}},"locations":[{"start":{"line":57,"column":60},"end":{"line":66,"column":9}}]},"20":{"type":"branch","line":58,"loc":{"start":{"line":58,"column":21},"end":{"line":58,"column":37}},"locations":[{"start":{"line":58,"column":21},"end":{"line":58,"column":37}}]},"21":{"type":"branch","line":60,"loc":{"start":{"line":60,"column":25},"end":{"line":63,"column":23}},"locations":[{"start":{"line":60,"column":25},"end":{"line":63,"column":23}}]},"22":{"type":"branch","line":70,"loc":{"start":{"line":70,"column":0},"end":{"line":81,"column":1}},"locations":[{"start":{"line":70,"column":0},"end":{"line":81,"column":1}}]},"23":{"type":"branch","line":71,"loc":{"start":{"line":71,"column":23},"end":{"line":80,"column":5}},"locations":[{"start":{"line":71,"column":23},"end":{"line":80,"column":5}}]},"24":{"type":"branch","line":74,"loc":{"start":{"line":74,"column":47},"end":{"line":74,"column":51}},"locations":[{"start":{"line":74,"column":47},"end":{"line":74,"column":51}}]},"25":{"type":"branch","line":75,"loc":{"start":{"line":75,"column":12},"end":{"line":78,"column":14}},"locations":[{"start":{"line":75,"column":12},"end":{"line":78,"column":14}}]},"26":{"type":"branch","line":76,"loc":{"start":{"line":76,"column":25},"end":{"line":76,"column":41}},"locations":[{"start":{"line":76,"column":25},"end":{"line":76,"column":41}}]},"27":{"type":"branch","line":96,"loc":{"start":{"line":96,"column":0},"end":{"line":103,"column":1}},"locations":[{"start":{"line":96,"column":0},"end":{"line":103,"column":1}}]},"28":{"type":"branch","line":97,"loc":{"start":{"line":97,"column":23},"end":{"line":102,"column":5}},"locations":[{"start":{"line":97,"column":23},"end":{"line":102,"column":5}}]},"29":{"type":"branch","line":98,"loc":{"start":{"line":98,"column":60},"end":{"line":101,"column":9}},"locations":[{"start":{"line":98,"column":60},"end":{"line":101,"column":9}}]},"30":{"type":"branch","line":99,"loc":{"start":{"line":99,"column":21},"end":{"line":99,"column":37}},"locations":[{"start":{"line":99,"column":21},"end":{"line":99,"column":37}}]}},"b":{"0":[5],"1":[1],"2":[5],"3":[5],"4":[0],"5":[0],"6":[5],"7":[0],"8":[5],"9":[5],"10":[4],"11":[0],"12":[3],"13":[3],"14":[3],"15":[0],"16":[2],"17":[1],"18":[1],"19":[1],"20":[0],"21":[1],"22":[3],"23":[3],"24":[0],"25":[3],"26":[0],"27":[1],"28":[1],"29":[1],"30":[0]},"fnMap":{"0":{"name":"init","decl":{"start":{"line":7,"column":0},"end":{"line":29,"column":1}},"loc":{"start":{"line":7,"column":0},"end":{"line":29,"column":1}},"line":7},"1":{"name":"teardown","decl":{"start":{"line":31,"column":0},"end":{"line":38,"column":1}},"loc":{"start":{"line":31,"column":0},"end":{"line":38,"column":1}},"line":31},"2":{"name":"getItems","decl":{"start":{"line":40,"column":0},"end":{"line":53,"column":1}},"loc":{"start":{"line":40,"column":0},"end":{"line":53,"column":1}},"line":40},"3":{"name":"getItem","decl":{"start":{"line":55,"column":0},"end":{"line":68,"column":1}},"loc":{"start":{"line":55,"column":0},"end":{"line":68,"column":1}},"line":55},"4":{"name":"storeItem","decl":{"start":{"line":70,"column":0},"end":{"line":81,"column":1}},"loc":{"start":{"line":70,"column":0},"end":{"line":81,"column":1}},"line":70},"5":{"name":"updateItem","decl":{"start":{"line":83,"column":0},"end":{"line":94,"column":2}},"loc":{"start":{"line":83,"column":0},"end":{"line":94,"column":2}},"line":83},"6":{"name":"removeItem","decl":{"start":{"line":96,"column":0},"end":{"line":103,"column":1}},"loc":{"start":{"line":96,"column":0},"end":{"line":103,"column":1}},"line":96}},"f":{"0":5,"1":5,"2":3,"3":1,"4":3,"5":0,"6":1}}
,"C:\\Users\\marca\\Desktop\\docker\\getting-started-app\\src\\routes\\addItem.js": {"path":"C:\\Users\\marca\\Desktop\\docker\\getting-started-app\\src\\routes\\addItem.js","all":false,"statementMap":{"0":{"start":{"line":1,"column":0},"end":{"line":1,"column":37}},"1":{"start":{"line":2,"column":0},"end":{"line":2,"column":36}},"2":{"start":{"line":3,"column":0},"end":{"line":3,"column":0}},"3":{"start":{"line":4,"column":0},"end":{"line":4,"column":38}},"4":{"start":{"line":5,"column":0},"end":{"line":5,"column":18}},"5":{"start":{"line":6,"column":0},"end":{"line":6,"column":19}},"6":{"start":{"line":7,"column":0},"end":{"line":7,"column":28}},"7":{"start":{"line":8,"column":0},"end":{"line":8,"column":25}},"8":{"start":{"line":9,"column":0},"end":{"line":9,"column":6}},"9":{"start":{"line":10,"column":0},"end":{"line":10,"column":0}},"10":{"start":{"line":11,"column":0},"end":{"line":11,"column":29}},"11":{"start":{"line":12,"column":0},"end":{"line":12,"column":19}},"12":{"start":{"line":13,"column":0},"end":{"line":13,"column":2}}},"s":{"0":1,"1":1,"2":1,"3":1,"4":1,"5":1,"6":1,"7":1,"8":1,"9":1,"10":1,"11":1,"12":1},"branchMap":{"0":{"type":"branch","line":4,"loc":{"start":{"line":4,"column":17},"end":{"line":13,"column":2}},"locations":[{"start":{"line":4,"column":17},"end":{"line":13,"column":2}}]}},"b":{"0":[1]},"fnMap":{"0":{"name":"module.exports","decl":{"start":{"line":4,"column":17},"end":{"line":13,"column":2}},"loc":{"start":{"line":4,"column":17},"end":{"line":13,"column":2}},"line":4}},"f":{"0":1}}
,"C:\\Users\\marca\\Desktop\\docker\\getting-started-app\\src\\routes\\deleteItem.js": {"path":"C:\\Users\\marca\\Desktop\\docker\\getting-started-app\\src\\routes\\deleteItem.js","all":false,"statementMap":{"0":{"start":{"line":1,"column":0},"end":{"line":1,"column":37}},"1":{"start":{"line":2,"column":0},"end":{"line":2,"column":0}},"2":{"start":{"line":3,"column":0},"end":{"line":3,"column":38}},"3":{"start":{"line":4,"column":0},"end":{"line":4,"column":39}},"4":{"start":{"line":5,"column":0},"end":{"line":5,"column":24}},"5":{"start":{"line":6,"column":0},"end":{"line":6,"column":2}}},"s":{"0":1,"1":1,"2":1,"3":1,"4":1,"5":1},"branchMap":{"0":{"type":"branch","line":3,"loc":{"start":{"line":3,"column":17},"end":{"line":6,"column":2}},"locations":[{"start":{"line":3,"column":17},"end":{"line":6,"column":2}}]}},"b":{"0":[1]},"fnMap":{"0":{"name":"module.exports","decl":{"start":{"line":3,"column":17},"end":{"line":6,"column":2}},"loc":{"start":{"line":3,"column":17},"end":{"line":6,"column":2}},"line":3}},"f":{"0":1}}
,"C:\\Users\\marca\\Desktop\\docker\\getting-started-app\\src\\routes\\getItems.js": {"path":"C:\\Users\\marca\\Desktop\\docker\\getting-started-app\\src\\routes\\getItems.js","all":false,"statementMap":{"0":{"start":{"line":1,"column":0},"end":{"line":1,"column":37}},"1":{"start":{"line":2,"column":0},"end":{"line":2,"column":0}},"2":{"start":{"line":3,"column":0},"end":{"line":3,"column":38}},"3":{"start":{"line":4,"column":0},"end":{"line":4,"column":38}},"4":{"start":{"line":5,"column":0},"end":{"line":5,"column":20}},"5":{"start":{"line":6,"column":0},"end":{"line":6,"column":2}}},"s":{"0":1,"1":1,"2":1,"3":1,"4":1,"5":1},"branchMap":{"0":{"type":"branch","line":3,"loc":{"start":{"line":3,"column":17},"end":{"line":6,"column":2}},"locations":[{"start":{"line":3,"column":17},"end":{"line":6,"column":2}}]}},"b":{"0":[1]},"fnMap":{"0":{"name":"module.exports","decl":{"start":{"line":3,"column":17},"end":{"line":6,"column":2}},"loc":{"start":{"line":3,"column":17},"end":{"line":6,"column":2}},"line":3}},"f":{"0":1}}
,"C:\\Users\\marca\\Desktop\\docker\\getting-started-app\\src\\routes\\updateItem.js": {"path":"C:\\Users\\marca\\Desktop\\docker\\getting-started-app\\src\\routes\\updateItem.js","all":false,"statementMap":{"0":{"start":{"line":1,"column":0},"end":{"line":1,"column":37}},"1":{"start":{"line":2,"column":0},"end":{"line":2,"column":0}},"2":{"start":{"line":3,"column":0},"end":{"line":3,"column":38}},"3":{"start":{"line":4,"column":0},"end":{"line":4,"column":40}},"4":{"start":{"line":5,"column":0},"end":{"line":5,"column":28}},"5":{"start":{"line":6,"column":0},"end":{"line":6,"column":38}},"6":{"start":{"line":7,"column":0},"end":{"line":7,"column":7}},"7":{"start":{"line":8,"column":0},"end":{"line":8,"column":49}},"8":{"start":{"line":9,"column":0},"end":{"line":9,"column":19}},"9":{"start":{"line":10,"column":0},"end":{"line":10,"column":2}}},"s":{"0":1,"1":1,"2":1,"3":1,"4":1,"5":1,"6":1,"7":1,"8":1,"9":1},"branchMap":{"0":{"type":"branch","line":3,"loc":{"start":{"line":3,"column":17},"end":{"line":10,"column":2}},"locations":[{"start":{"line":3,"column":17},"end":{"line":10,"column":2}}]}},"b":{"0":[1]},"fnMap":{"0":{"name":"module.exports","decl":{"start":{"line":3,"column":17},"end":{"line":10,"column":2}},"loc":{"start":{"line":3,"column":17},"end":{"line":10,"column":2}},"line":3}},"f":{"0":1}}
}
